#
# There is insufficient memory for the Java Runtime Environment to continue.
# Native memory allocation (malloc) failed to allocate 145056 bytes for Chunk::new
# Possible reasons:
#   The system is out of physical RAM or swap space
#   In 32 bit mode, the process size limit was hit
# Possible solutions:
#   Reduce memory load on the system
#   Increase physical memory or swap space
#   Check if swap backing store is full
#   Use 64 bit Java on a 64 bit OS
#   Decrease Java heap size (-Xmx/-Xms)
#   Decrease number of Java threads
#   Decrease Java thread stack sizes (-Xss)
#   Set larger code cache with -XX:ReservedCodeCacheSize=
# This output file may be truncated or incomplete.
#
#  Out of Memory Error (allocation.cpp:390), pid=29892, tid=18324
#
# JRE version: Java(TM) SE Runtime Environment (8.0_51-b16) (build 1.8.0_51-b16)
# Java VM: Java HotSpot(TM) 64-Bit Server VM (25.51-b03 mixed mode windows-amd64 compressed oops)
# Failed to write core dump. Minidumps are not enabled by default on client versions of Windows
#

---------------  T H R E A D  ---------------

Current thread (0x0000000017ab1000):  JavaThread "C2 CompilerThread1" daemon [_thread_in_native, id=18324, stack(0x00000000194f0000,0x00000000195f0000)]

Stack: [0x00000000194f0000,0x00000000195f0000]
[error occurred during error reporting (printing stack bounds), id 0xc0000005]

Native frames: (J=compiled Java code, j=interpreted, Vv=VM code, C=native code)
V  [jvm.dll+0x32b4ca]
V  [jvm.dll+0x2797e3]
V  [jvm.dll+0x27a479]
V  [jvm.dll+0x293446]
V  [jvm.dll+0x297d3c]
V  [jvm.dll+0x5ca9cf]
C  [msvcr100.dll+0x712e3]
V  [jvm.dll+0x5ca0cd]
C  [ntdll.dll+0x9633d]
C  [ntdll.dll+0x13c00]
C  [ntdll.dll+0x9544a]
V  [jvm.dll+0x21bbc1]


Current CompileTask:
C2:   6000 1078       4       org.jfree.chart.renderer.xy.AbstractXYItemRenderer::addEntity (184 bytes)


---------------  P R O C E S S  ---------------

Java Threads: ( => current thread )
  0x0000000019d8f000 JavaThread "D3D Screen Updater" daemon [_thread_blocked, id=17608, stack(0x0000000020240000,0x0000000020340000)]
  0x0000000002df2800 JavaThread "DestroyJavaVM" [_thread_blocked, id=25768, stack(0x0000000002cf0000,0x0000000002df0000)]
  0x0000000019f1c000 JavaThread "AWT-EventQueue-0" [_thread_in_native, id=12268, stack(0x000000001fe40000,0x000000001ff40000)]
  0x0000000019aee000 JavaThread "AWT-Windows" daemon [_thread_in_native, id=10352, stack(0x000000001a530000,0x000000001a630000)]
  0x0000000019aed800 JavaThread "AWT-Shutdown" [_thread_blocked, id=33448, stack(0x000000001a430000,0x000000001a530000)]
  0x0000000019b82000 JavaThread "Java2D Disposer" daemon [_thread_blocked, id=35956, stack(0x000000001a330000,0x000000001a430000)]
  0x0000000019205800 JavaThread "Monitor Ctrl-Break" daemon [_thread_in_native, id=31580, stack(0x00000000199c0000,0x0000000019ac0000)]
  0x000000001916b000 JavaThread "Service Thread" daemon [_thread_blocked, id=28668, stack(0x00000000196f0000,0x00000000197f0000)]
  0x00000000190f6000 JavaThread "C1 CompilerThread2" daemon [_thread_blocked, id=52828, stack(0x00000000195f0000,0x00000000196f0000)]
=>0x0000000017ab1000 JavaThread "C2 CompilerThread1" daemon [_thread_in_native, id=18324, stack(0x00000000194f0000,0x00000000195f0000)]
  0x0000000017aae800 JavaThread "C2 CompilerThread0" daemon [_thread_in_native, id=2300, stack(0x0000000018ff0000,0x00000000190f0000)]
  0x0000000017aab800 JavaThread "Attach Listener" daemon [_thread_blocked, id=27280, stack(0x0000000018ef0000,0x0000000018ff0000)]
  0x0000000017afe800 JavaThread "Signal Dispatcher" daemon [_thread_blocked, id=26496, stack(0x0000000018df0000,0x0000000018ef0000)]
  0x0000000002ee7800 JavaThread "Finalizer" daemon [_thread_blocked, id=52456, stack(0x0000000018cf0000,0x0000000018df0000)]
  0x0000000002edf000 JavaThread "Reference Handler" daemon [_thread_blocked, id=18200, stack(0x0000000018bf0000,0x0000000018cf0000)]

Other Threads:
  0x0000000017a67000 VMThread [stack: 0x0000000018af0000,0x0000000018bf0000] [id=27512]
  0x000000001916d800 WatcherThread [stack: 0x00000000197f0000,0x00000000198f0000] [id=28504]

VM state:not at safepoint (normal execution)

VM Mutex/Monitor currently owned by a thread: None

Heap:
 PSYoungGen      total 38400K, used 35362K [0x00000000d5980000, 0x00000000d8400000, 0x0000000100000000)
  eden space 33280K, 90% used [0x00000000d5980000,0x00000000d770b3c0,0x00000000d7a00000)
  from space 5120K, 99% used [0x00000000d7a00000,0x00000000d7efd5b0,0x00000000d7f00000)
  to   space 5120K, 0% used [0x00000000d7f00000,0x00000000d7f00000,0x00000000d8400000)
 ParOldGen       total 87552K, used 778K [0x0000000080c00000, 0x0000000086180000, 0x00000000d5980000)
  object space 87552K, 0% used [0x0000000080c00000,0x0000000080cc2bd0,0x0000000086180000)
 Metaspace       used 12697K, capacity 12948K, committed 13056K, reserved 1060864K
  class space    used 1444K, capacity 1536K, committed 1536K, reserved 1048576K

Card table byte_map: [0x00000000122b0000,0x00000000126b0000] byte_map_base: 0x0000000011eaa000

Marking Bits: (ParMarkBitMap*) 0x00000000512c4040
 Begin Bits: [0x0000000012d60000, 0x0000000014d30000)
 End Bits:   [0x0000000014d30000, 0x0000000016d00000)

Polling page: 0x00000000010c0000

CodeCache: size=245760Kb used=3937Kb max_used=3948Kb free=241822Kb
 bounds [0x0000000002ef0000, 0x00000000032e0000, 0x0000000011ef0000]
 total_blobs=1615 nmethods=1076 adapters=452
 compilation: enabled

Compilation events (10 events):
Event: 5.890 Thread 0x0000000017ab1000 nmethod 1073 0x00000000032c4710 code [0x00000000032c4860, 0x00000000032c4bd8]
Event: 5.890 Thread 0x0000000017ab1000 1074       4       org.jfree.chart.renderer.AbstractRenderer::isSeriesItemLabelsVisible (46 bytes)
Event: 5.891 Thread 0x0000000017ab1000 nmethod 1074 0x00000000032ce590 code [0x00000000032ce6e0, 0x00000000032ce818]
Event: 5.891 Thread 0x0000000017ab1000 1075       4       org.jfree.chart.renderer.xy.AbstractXYItemRenderer::updateCrosshairValues (80 bytes)
Event: 5.894 Thread 0x0000000017ab1000 nmethod 1075 0x00000000032b6390 code [0x00000000032b64e0, 0x00000000032b6698]
Event: 5.894 Thread 0x0000000017ab1000 1076       4       org.jfree.chart.plot.CrosshairState::updateCrosshairPoint (151 bytes)
Event: 5.894 Thread 0x0000000017ab1000 nmethod 1076 0x00000000032c4490 code [0x00000000032c45c0, 0x00000000032c4658]
Event: 5.894 Thread 0x0000000017ab1000 1077       4       org.jfree.chart.renderer.xy.AbstractXYItemRenderer::isPointInRect (42 bytes)
Event: 5.896 Thread 0x0000000017ab1000 nmethod 1077 0x00000000032b5ed0 code [0x00000000032b6020, 0x00000000032b61b8]
Event: 5.896 Thread 0x0000000017ab1000 1078       4       org.jfree.chart.renderer.xy.AbstractXYItemRenderer::addEntity (184 bytes)

GC Heap History (2 events):
Event: 3.429 GC heap before
{Heap before GC invocations=1 (full 0):
 PSYoungGen      total 38400K, used 33280K [0x00000000d5980000, 0x00000000d8400000, 0x0000000100000000)
  eden space 33280K, 100% used [0x00000000d5980000,0x00000000d7a00000,0x00000000d7a00000)
  from space 5120K, 0% used [0x00000000d7f00000,0x00000000d7f00000,0x00000000d8400000)
  to   space 5120K, 0% used [0x00000000d7a00000,0x00000000d7a00000,0x00000000d7f00000)
 ParOldGen       total 87552K, used 0K [0x0000000080c00000, 0x0000000086180000, 0x00000000d5980000)
  object space 87552K, 0% used [0x0000000080c00000,0x0000000080c00000,0x0000000086180000)
 Metaspace       used 4575K, capacity 4820K, committed 4992K, reserved 1056768K
  class space    used 493K, capacity 516K, committed 640K, reserved 1048576K
Event: 3.439 GC heap after
Heap after GC invocations=1 (full 0):
 PSYoungGen      total 38400K, used 5109K [0x00000000d5980000, 0x00000000d8400000, 0x0000000100000000)
  eden space 33280K, 0% used [0x00000000d5980000,0x00000000d5980000,0x00000000d7a00000)
  from space 5120K, 99% used [0x00000000d7a00000,0x00000000d7efd5b0,0x00000000d7f00000)
  to   space 5120K, 0% used [0x00000000d7f00000,0x00000000d7f00000,0x00000000d8400000)
 ParOldGen       total 87552K, used 778K [0x0000000080c00000, 0x0000000086180000, 0x00000000d5980000)
  object space 87552K, 0% used [0x0000000080c00000,0x0000000080cc2bd0,0x0000000086180000)
 Metaspace       used 4575K, capacity 4820K, committed 4992K, reserved 1056768K
  class space    used 493K, capacity 516K, committed 640K, reserved 1048576K
}

Deoptimization events (10 events):
Event: 3.444 Thread 0x0000000002df2800 Uncommon trap: reason=unstable_if action=reinterpret pc=0x00000000030a0288 method=Computation.createDataset()Lorg/jfree/data/xy/XYDataset; @ 18
Event: 3.556 Thread 0x0000000002df2800 Uncommon trap: reason=class_check action=maybe_recompile pc=0x0000000003062538 method=java.util.AbstractCollection.toArray([Ljava/lang/Object;)[Ljava/lang/Object; @ 1
Event: 3.575 Thread 0x0000000002df2800 Uncommon trap: reason=unstable_if action=reinterpret pc=0x00000000030525a8 method=java.lang.CharacterDataLatin1.digit(II)I @ 31
Event: 3.733 Thread 0x0000000002df2800 Uncommon trap: reason=unstable_if action=reinterpret pc=0x000000000305fcf4 method=java.lang.Integer.valueOf(I)Ljava/lang/Integer; @ 10
Event: 3.986 Thread 0x0000000002df2800 Uncommon trap: reason=unstable_if action=reinterpret pc=0x0000000003064ee0 method=java.lang.Math.max(DD)D @ 11
Event: 4.533 Thread 0x0000000002df2800 Uncommon trap: reason=class_check action=maybe_recompile pc=0x0000000003062538 method=java.util.AbstractCollection.toArray([Ljava/lang/Object;)[Ljava/lang/Object; @ 1
Event: 4.533 Thread 0x0000000002df2800 Uncommon trap: reason=class_check action=maybe_recompile pc=0x0000000003062538 method=java.util.AbstractCollection.toArray([Ljava/lang/Object;)[Ljava/lang/Object; @ 1
Event: 5.089 Thread 0x0000000019f1c000 Uncommon trap: reason=unstable_if action=reinterpret pc=0x00000000030a06a4 method=java.lang.Math.min(DD)D @ 11
Event: 5.251 Thread 0x0000000019f1c000 Uncommon trap: reason=unstable_if action=reinterpret pc=0x0000000003168284 method=org.jfree.data.Range.contains(D)Z @ 6
Event: 5.429 Thread 0x0000000019f1c000 Uncommon trap: reason=unstable_if action=reinterpret pc=0x000000000323b5d0 method=org.jfree.chart.renderer.xy.XYLineAndShapeRenderer.isLinePass(I)Z @ 1

Internal exceptions (10 events):
Event: 3.339 Thread 0x0000000002df2800 Exception <a 'java/security/PrivilegedActionException'> (0x00000000d6456920) thrown at [C:\re\workspace\8-2-build-windows-amd64-cygwin\jdk8u51\3951\hotspot\src\share\vm\prims\jvm.cpp, line 1382]
Event: 3.340 Thread 0x0000000002df2800 Exception <a 'java/security/PrivilegedActionException'> (0x00000000d6456ad8) thrown at [C:\re\workspace\8-2-build-windows-amd64-cygwin\jdk8u51\3951\hotspot\src\share\vm\prims\jvm.cpp, line 1382]
Event: 3.341 Thread 0x0000000002df2800 Exception <a 'java/security/PrivilegedActionException'> (0x00000000d733b678) thrown at [C:\re\workspace\8-2-build-windows-amd64-cygwin\jdk8u51\3951\hotspot\src\share\vm\prims\jvm.cpp, line 1382]
Event: 3.341 Thread 0x0000000002df2800 Exception <a 'java/security/PrivilegedActionException'> (0x00000000d733b830) thrown at [C:\re\workspace\8-2-build-windows-amd64-cygwin\jdk8u51\3951\hotspot\src\share\vm\prims\jvm.cpp, line 1382]
Event: 3.351 Thread 0x0000000002df2800 Exception <a 'java/io/FileNotFoundException'> (0x00000000d7348198) thrown at [C:\re\workspace\8-2-build-windows-amd64-cygwin\jdk8u51\3951\hotspot\src\share\vm\prims\jni.cpp, line 709]
Event: 3.485 Thread 0x0000000002df2800 Exception <a 'java/io/FileNotFoundException'> (0x00000000d5bd9198) thrown at [C:\re\workspace\8-2-build-windows-amd64-cygwin\jdk8u51\3951\hotspot\src\share\vm\prims\jni.cpp, line 709]
Event: 3.551 Thread 0x0000000002df2800 Exception <a 'java/lang/NoSuchFieldError': method resolution failed> (0x00000000d5cff6d0) thrown at [C:\re\workspace\8-2-build-windows-amd64-cygwin\jdk8u51\3951\hotspot\src\share\vm\prims\methodHandles.cpp, line 1125]
Event: 3.554 Thread 0x0000000002df2800 Exception <a 'java/lang/NoSuchFieldError': method resolution failed> (0x00000000d5d0e060) thrown at [C:\re\workspace\8-2-build-windows-amd64-cygwin\jdk8u51\3951\hotspot\src\share\vm\prims\methodHandles.cpp, line 1125]
Event: 4.505 Thread 0x0000000002df2800 Exception <a 'java/io/FileNotFoundException'> (0x00000000d6582308) thrown at [C:\re\workspace\8-2-build-windows-amd64-cygwin\jdk8u51\3951\hotspot\src\share\vm\prims\jni.cpp, line 709]
Event: 4.505 Thread 0x0000000002df2800 Exception <a 'java/lang/NullPointerException'> (0x00000000d6582890) thrown at [C:\re\workspace\8-2-build-windows-amd64-cygwin\jdk8u51\3951\hotspot\src\share\vm\interpreter\linkResolver.cpp, line 1178]

Events (10 events):
Event: 5.413 loading class org/jfree/ui/Layer done
Event: 5.414 loading class org/jfree/chart/renderer/RendererUtilities
Event: 5.414 loading class org/jfree/chart/renderer/RendererUtilities done
Event: 5.415 loading class org/jfree/data/DomainOrder
Event: 5.415 loading class org/jfree/data/DomainOrder done
Event: 5.429 Thread 0x0000000019f1c000 Uncommon trap: trap_request=0xffffff65 fr.pc=0x000000000323b5d0
Event: 5.429 Thread 0x0000000019f1c000 DEOPT PACKING pc=0x000000000323b5d0 sp=0x000000001ff3be80
Event: 5.429 Thread 0x0000000019f1c000 DEOPT UNPACKING pc=0x0000000002f3582a sp=0x000000001ff3bdf0 mode 2
Event: 5.429 loading class sun/awt/geom/Curve
Event: 5.442 loading class sun/awt/geom/Curve done


Dynamic libraries:
0x00007ff6bfce0000 - 0x00007ff6bfd17000 	D:\Program Files\Java\jdk1.8.0_51\bin\java.exe
0x00007ffb61ab0000 - 0x00007ffb61c71000 	C:\WINDOWS\SYSTEM32\ntdll.dll
0x00007ffb61150000 - 0x00007ffb611fd000 	C:\WINDOWS\system32\KERNEL32.DLL
0x00007ffb5e6d0000 - 0x00007ffb5e8ad000 	C:\WINDOWS\system32\KERNELBASE.dll
0x00007ffb61890000 - 0x00007ffb61936000 	C:\WINDOWS\system32\ADVAPI32.dll
0x00007ffb5f190000 - 0x00007ffb5f22d000 	C:\WINDOWS\system32\msvcrt.dll
0x00007ffb60f20000 - 0x00007ffb60f7b000 	C:\WINDOWS\system32\sechost.dll
0x00007ffb614c0000 - 0x00007ffb615e6000 	C:\WINDOWS\system32\RPCRT4.dll
0x00007ffb5efc0000 - 0x00007ffb5f10e000 	C:\WINDOWS\system32\USER32.dll
0x00007ffb5f370000 - 0x00007ffb5f4f6000 	C:\WINDOWS\system32\GDI32.dll
0x00007ffb59b50000 - 0x00007ffb59dc4000 	C:\WINDOWS\WinSxS\amd64_microsoft.windows.common-controls_6595b64144ccf1df_6.0.10240.16384_none_f41f7b285750ef43\COMCTL32.dll
0x00007ffb5f330000 - 0x00007ffb5f366000 	C:\WINDOWS\system32\IMM32.DLL
0x00007ffb61950000 - 0x00007ffb61aac000 	C:\WINDOWS\system32\MSCTF.dll
0x0000000051350000 - 0x0000000051422000 	D:\Program Files\Java\jdk1.8.0_51\jre\bin\msvcr100.dll
0x0000000050ac0000 - 0x0000000051343000 	D:\Program Files\Java\jdk1.8.0_51\jre\bin\server\jvm.dll
0x00007ffb5e8b0000 - 0x00007ffb5e8d3000 	C:\WINDOWS\system32\WINMM.dll
0x00007ffb5e2e0000 - 0x00007ffb5e30c000 	C:\WINDOWS\system32\WINMMBASE.dll
0x00007ffb5e450000 - 0x00007ffb5e494000 	C:\WINDOWS\system32\cfgmgr32.dll
0x00007ffb524c0000 - 0x00007ffb524c9000 	C:\WINDOWS\SYSTEM32\WSOCK32.dll
0x00007ffb5e280000 - 0x00007ffb5e2a7000 	C:\WINDOWS\system32\DEVOBJ.dll
0x00007ffb61200000 - 0x00007ffb61269000 	C:\WINDOWS\system32\WS2_32.dll
0x00007ffb61940000 - 0x00007ffb61948000 	C:\WINDOWS\system32\PSAPI.DLL
0x00007ffb61650000 - 0x00007ffb61658000 	C:\WINDOWS\system32\NSI.dll
0x00007ffb5ac60000 - 0x00007ffb5ac6a000 	C:\WINDOWS\SYSTEM32\VERSION.dll
0x0000000052470000 - 0x000000005247f000 	D:\Program Files\Java\jdk1.8.0_51\jre\bin\verify.dll
0x0000000050a90000 - 0x0000000050ab9000 	D:\Program Files\Java\jdk1.8.0_51\jre\bin\java.dll
0x0000000052450000 - 0x0000000052466000 	D:\Program Files\Java\jdk1.8.0_51\jre\bin\zip.dll
0x00007ffb5f990000 - 0x00007ffb60eb2000 	C:\WINDOWS\system32\SHELL32.dll
0x00007ffb5e990000 - 0x00007ffb5efb8000 	C:\WINDOWS\system32\windows.storage.dll
0x00007ffb5f500000 - 0x00007ffb5f77c000 	C:\WINDOWS\system32\combase.dll
0x00007ffb61830000 - 0x00007ffb61881000 	C:\WINDOWS\system32\shlwapi.dll
0x00007ffb5e2d0000 - 0x00007ffb5e2df000 	C:\WINDOWS\system32\kernel.appcore.dll
0x00007ffb5e340000 - 0x00007ffb5e3f3000 	C:\WINDOWS\system32\shcore.dll
0x00007ffb5e400000 - 0x00007ffb5e44a000 	C:\WINDOWS\system32\powrprof.dll
0x00007ffb5e2b0000 - 0x00007ffb5e2c3000 	C:\WINDOWS\system32\profapi.dll
0x00007ffb5c3c0000 - 0x00007ffb5c3d0000 	D:\Program Files (x86)\JetBrains\IntelliJ IDEA Community Edition 15.0\bin\breakgen64.dll
0x0000000050a70000 - 0x0000000050a8a000 	D:\Program Files\Java\jdk1.8.0_51\jre\bin\net.dll
0x00007ffb5da90000 - 0x00007ffb5daed000 	C:\WINDOWS\system32\mswsock.dll
0x00000000508b0000 - 0x0000000050a48000 	D:\Program Files\Java\jdk1.8.0_51\jre\bin\awt.dll
0x00007ffb5f780000 - 0x00007ffb5f83e000 	C:\WINDOWS\system32\OLEAUT32.dll
0x00007ffb5ca30000 - 0x00007ffb5caa8000 	C:\WINDOWS\system32\apphelp.dll
0x00007ffb5c1a0000 - 0x00007ffb5c1c2000 	C:\WINDOWS\system32\DWMAPI.DLL
0x00007ffb5cb80000 - 0x00007ffb5cc16000 	C:\WINDOWS\system32\uxtheme.dll
0x00007ffb61270000 - 0x00007ffb613b1000 	C:\WINDOWS\system32\ole32.dll
0x00007ffb5e0a0000 - 0x00007ffb5e10b000 	C:\WINDOWS\SYSTEM32\bcryptPrimitives.dll
0x00007ffb2f080000 - 0x00007ffb2f290000 	C:\WINDOWS\system32\d3d9.dll
0x00007ffb280d0000 - 0x00007ffb28fe6000 	C:\WINDOWS\SYSTEM32\nvd3dumx.dll
0x0000000180000000 - 0x00000001801a7000 	C:\WINDOWS\system32\nvspcap64.dll
0x00007ffb60f80000 - 0x00007ffb61145000 	C:\WINDOWS\system32\SETUPAPI.dll
0x00007ffb59800000 - 0x00007ffb598d6000 	C:\WINDOWS\SYSTEM32\WINHTTP.dll
0x00007ffb32380000 - 0x00007ffb32711000 	C:\WINDOWS\system32\nvapi64.dll
0x00007ffb5be50000 - 0x00007ffb5beec000 	C:\WINDOWS\SYSTEM32\dxgi.dll
0x00007ffb5dea0000 - 0x00007ffb5decc000 	C:\WINDOWS\SYSTEM32\SspiCli.dll
0x00007ffb3a160000 - 0x00007ffb3a240000 	C:\Program Files (x86)\NVIDIA Corporation\3D Vision\nvSCPAPI64.dll
0x0000000050860000 - 0x00000000508a7000 	D:\Program Files\Java\jdk1.8.0_51\jre\bin\fontmanager.dll
0x000000001ea60000 - 0x000000001ea72000 	C:\Users\billjyc\AppData\Local\Kingsoft\Power Word 2016\2016.1.2.1\CBSelectText_x64.dll
0x00007ffb614a0000 - 0x00007ffb614bc000 	C:\WINDOWS\system32\imagehlp.dll
0x0000000052090000 - 0x0000000052199000 	C:\WINDOWS\WinSxS\amd64_microsoft.vc80.crt_1fc8b3b9a1e18e3b_8.0.50727.9185_none_88e323712fabe0b2\MSVCP80.dll
0x00000000521a0000 - 0x0000000052269000 	C:\WINDOWS\WinSxS\amd64_microsoft.vc80.crt_1fc8b3b9a1e18e3b_8.0.50727.9185_none_88e323712fabe0b2\MSVCR80.dll
0x0000000050a50000 - 0x0000000050a61000 	D:\Program Files\Java\jdk1.8.0_51\jre\bin\nio.dll
0x0000000050810000 - 0x0000000050852000 	D:\Program Files\Java\jdk1.8.0_51\jre\bin\t2k.dll
0x0000000021330000 - 0x000000002137f000 	C:\Users\billjyc\AppData\Local\Kingsoft\Power Word 2016\2016.1.2.1\CBGrabModule_x64.dll
0x00007ffb596e0000 - 0x00007ffb59749000 	C:\WINDOWS\SYSTEM32\OLEACC.dll
0x00007ffb61660000 - 0x00007ffb61678000 	C:\WINDOWS\system32\usp10.dll
0x00000000507e0000 - 0x000000005080a000 	D:\Program Files\Java\jdk1.8.0_51\jre\bin\dcpr.dll
0x00007ffb585c0000 - 0x00007ffb5874a000 	C:\WINDOWS\SYSTEM32\dbghelp.dll

VM Arguments:
jvm_args: -Didea.launcher.port=7533 -Didea.launcher.bin.path=D:\Program Files (x86)\JetBrains\IntelliJ IDEA Community Edition 15.0\bin -Dfile.encoding=UTF-8 
java_command: com.intellij.rt.execution.application.AppMain Main
java_class_path (initial): D:\Program Files\Java\jdk1.8.0_51\jre\lib\charsets.jar;D:\Program Files\Java\jdk1.8.0_51\jre\lib\deploy.jar;D:\Program Files\Java\jdk1.8.0_51\jre\lib\ext\access-bridge-64.jar;D:\Program Files\Java\jdk1.8.0_51\jre\lib\ext\cldrdata.jar;D:\Program Files\Java\jdk1.8.0_51\jre\lib\ext\dnsns.jar;D:\Program Files\Java\jdk1.8.0_51\jre\lib\ext\jaccess.jar;D:\Program Files\Java\jdk1.8.0_51\jre\lib\ext\jfxrt.jar;D:\Program Files\Java\jdk1.8.0_51\jre\lib\ext\localedata.jar;D:\Program Files\Java\jdk1.8.0_51\jre\lib\ext\nashorn.jar;D:\Program Files\Java\jdk1.8.0_51\jre\lib\ext\sunec.jar;D:\Program Files\Java\jdk1.8.0_51\jre\lib\ext\sunjce_provider.jar;D:\Program Files\Java\jdk1.8.0_51\jre\lib\ext\sunmscapi.jar;D:\Program Files\Java\jdk1.8.0_51\jre\lib\ext\sunpkcs11.jar;D:\Program Files\Java\jdk1.8.0_51\jre\lib\ext\zipfs.jar;D:\Program Files\Java\jdk1.8.0_51\jre\lib\javaws.jar;D:\Program Files\Java\jdk1.8.0_51\jre\lib\jce.jar;D:\Program Files\Java\jdk1.8.0_51\jre\lib\jfr.jar;D:\Program Files\Java\jdk1.8.0_51\jre\lib\jfxswt.jar;D:\Program Files\Java\jdk1.8.0_51\jre\lib\jsse.jar;D:\Program Files\Java\jdk1.8.0_51\jre\lib\management-agent.jar;D:\Program Files\Java\jdk1.8.0_51\jre\lib\plugin.jar;D:\Program Files\Java\jdk1.8.0_51\jre\lib\resources.jar;D:\Program Files\Java\jdk1.8.0_51\jre\lib\rt.jar;I:\360data\IdeaProject\250Asssignment6_1\out\production\250Asssignment6_1;I:\External Library\Jama-1.0.3.jar;I:\External Library\jfreechart-1.0.19\lib\jfreechart-1.0.19.jar;I:\External Library\jfreechart-1.0.19\lib\jcommon-1.0.23.jar;D:\Program Files (x86)\JetBrains\IntelliJ IDEA Community Edition 15.0\lib\idea_rt.jar
Launcher Type: SUN_STANDARD

Environment Variables:
JAVA_HOME=D:\Program Files\Java\jdk1.8.0_51
CLASSPATH=.;D:\Program Files\Java\jdk1.8.0_51\lib\dt.jar;D:\Program Files\Java\jdk1.8.0_51\lib\tools.jar;
PATH=D:\Program Files\Python34\;D:\Program Files\Python34\Scripts;C:\ProgramData\Oracle\Java\javapath;C:\Program Files (x86)\Intel\iCLS Client\;C:\Program Files\Intel\iCLS Client\;C:\WINDOWS\system32;C:\WINDOWS;C:\WINDOWS\System32\Wbem;C:\WINDOWS\System32\WindowsPowerShell\v1.0\;C:\Program Files\Intel\Intel(R) Management Engine Components\DAL;C:\Program Files\Intel\Intel(R) Management Engine Components\IPT;C:\Program Files (x86)\Intel\Intel(R) Management Engine Components\DAL;C:\Program Files (x86)\Intel\Intel(R) Management Engine Components\IPT;D:\Program Files\Java\jdk1.8.0_51\bin;D:\Program Files\Java\jdk1.8.0_51\jre\bin;C:\Program Files (x86)\MySQL\MySQL Fabric 1.5.4 & MySQL Utilities 1.5.4 1.5\;C:\Program Files (x86)\MySQL\MySQL Fabric 1.5.4 & MySQL Utilities 1.5.4 1.5\Doctrine extensions for PHP\;d:\Program Files\MiKTeX 2.9\miktex\bin\x64\;D:\Program Files\TortoiseSVN\bin;C:\Program Files (x86)\NVIDIA Corporation\PhysX\Common;C:\Program Files (x86)\Skype\Phone\;D:\Program Files (x86)\sqlite-shell-win32-x86-3090100\;d:\Ruby22-x64\bin
USERNAME=billjyc
OS=Windows_NT
PROCESSOR_IDENTIFIER=Intel64 Family 6 Model 58 Stepping 9, GenuineIntel



---------------  S Y S T E M  ---------------

OS: Windows 10.0 , 64 bit Build 10240 (10.0.10240.16384)

CPU:total 4 (2 cores per cpu, 2 threads per core) family 6 model 58 stepping 9, cmov, cx8, fxsr, mmx, sse, sse2, sse3, ssse3, sse4.1, sse4.2, popcnt, avx, aes, clmul, erms, ht, tsc, tscinvbit, tscinv

Memory: 4k page, physical 8337772k(1745648k free), swap 23966428k(3484k free)

vm_info: Java HotSpot(TM) 64-Bit Server VM (25.51-b03) for windows-amd64 JRE (1.8.0_51-b16), built on Jun  8 2015 18:03:07 by "java_re" with MS VC++ 10.0 (VS2010)

time: Fri Nov 13 23:14:39 2015
elapsed time: 6 seconds (0d 0h 0m 6s)

